#
# There is insufficient memory for the Java Runtime Environment to continue.
# Native memory allocation (malloc) failed to allocate 390496 bytes for Chunk::new
# Possible reasons:
#   The system is out of physical RAM or swap space
#   The process is running with CompressedOops enabled, and the Java Heap may be blocking the growth of the native heap
# Possible solutions:
#   Reduce memory load on the system
#   Increase physical memory or swap space
#   Check if swap backing store is full
#   Decrease Java heap size (-Xmx/-Xms)
#   Decrease number of Java threads
#   Decrease Java thread stack sizes (-Xss)
#   Set larger code cache with -XX:ReservedCodeCacheSize=
#   JVM is running with Unscaled Compressed Oops mode in which the Java heap is
#     placed in the first 4GB address space. The Java Heap base address is the
#     maximum limit for the native heap growth. Please use -XX:HeapBaseMinAddress
#     to set the Java Heap base and to place the Java Heap above 4GB virtual address.
# This output file may be truncated or incomplete.
#
#  Out of Memory Error (arena.cpp:189), pid=134184, tid=112080
#
# JRE version: OpenJDK Runtime Environment JBR-17.0.8.1+7-1000.32-jcef (17.0.8.1+7) (build 17.0.8.1+7-b1000.32)
# Java VM: OpenJDK 64-Bit Server VM JBR-17.0.8.1+7-1000.32-jcef (17.0.8.1+7-b1000.32, mixed mode, tiered, compressed oops, compressed class ptrs, g1 gc, windows-amd64)
# No core dump will be written. Minidumps are not enabled by default on client versions of Windows
#

---------------  S U M M A R Y ------------

Command Line: -Djava.rmi.server.hostname=127.0.0.1 -Duser.timezone=UTC -Xmx2048m -Xms128m -Djna.boot.library.path=D:\IntelliJ IDEA 2023.2.3/lib/jna/amd64 -Djna.nosys=true -Djna.noclasspath=true -Djdbc.classpath=D:\IntelliJ IDEA 2023.2.3\plugins\DatabaseTools\lib\jdbc-console.jar;C:\Users\User\AppData\Roaming\JetBrains\IntelliJIdea2023.2\jdbc-drivers\PostgreSQL\42.7.3\org\postgresql\postgresql\42.7.3\postgresql-42.7.3.jar;C:\Users\User\AppData\Roaming\JetBrains\IntelliJIdea2023.2\jdbc-drivers\PostgreSQL\42.7.3\org\checkerframework\checker-qual\3.42.0\checker-qual-3.42.0.jar;C:\Users\User\AppData\Roaming\JetBrains\IntelliJIdea2023.2\jdbc-drivers\PostgreSQL\42.7.3\com\github\waffle\waffle-jna\1.9.1\waffle-jna-1.9.1.jar;C:\Users\User\AppData\Roaming\JetBrains\IntelliJIdea2023.2\jdbc-drivers\PostgreSQL\42.7.3\net\java\dev\jna\jna\4.5.1\jna-4.5.1.jar;C:\Users\User\AppData\Roaming\JetBrains\IntelliJIdea2023.2\jdbc-drivers\PostgreSQL\42.7.3\net\java\dev\jna\jna-platform\4.5.1\jna-platform-4.5.1.jar;C:\Users\User\AppData\Roaming\JetBrains\IntelliJIdea2023.2\jdbc-drivers\PostgreSQL\42.7.3\org\slf4j\jcl-over-slf4j\1.7.25\jcl-over-slf4j-1.7.25.jar;C:\Users\User\AppData\Roaming\JetBrains\IntelliJIdea2023.2\jdbc-drivers\PostgreSQL\42.7.3\org\slf4j\slf4j-api\1.7.25\slf4j-api-1.7.25.jar;C:\Users\User\AppData\Roaming\JetBrains\IntelliJIdea2023.2\jdbc-drivers\PostgreSQL\42.7.3\com\github\ben-manes\caffeine\caffeine\2.6.2\caffeine-2.6.2.jar --add-exports=java.desktop/sun.awt=ALL-UNNAMED --add-exports=java.desktop/java.awt.peer=ALL-UNNAMED --add-opens=java.desktop/java.awt=ALL-UNNAMED --add-opens=jdk.unsupported/sun.misc=ALL-UNNAMED --add-opens=java.base/java.nio=ALL-UNNAMED --add-opens=java.base/java.util=ALL-UNNAMED -Dfile.encoding=UTF-8 com.intellij.database.remote.RemoteJdbcServer org.postgresql.Driver

Host: 11th Gen Intel(R) Core(TM) i5-1135G7 @ 2.40GHz, 8 cores, 7G,  Windows 10 , 64 bit Build 19041 (10.0.19041.5072)
Time: Tue Dec  3 21:33:02 2024 Central European Standard Time elapsed time: 1778.043218 seconds (0d 0h 29m 38s)

---------------  T H R E A D  ---------------

Current thread (0x00000200f104a020):  JavaThread "C2 CompilerThread0" daemon [_thread_in_native, id=112080, stack(0x000000424c400000,0x000000424c500000)]


Current CompileTask:
C2:1778043 2710       4       sun.rmi.transport.StreamRemoteCall::getOutputStream (39 bytes)

Stack: [0x000000424c400000,0x000000424c500000]
Native frames: (J=compiled Java code, j=interpreted, Vv=VM code, C=native code)
V  [jvm.dll+0x6852da]
V  [jvm.dll+0x844c84]
V  [jvm.dll+0x84659e]
V  [jvm.dll+0x846c03]
V  [jvm.dll+0x24b7cf]
V  [jvm.dll+0xac3bc]
V  [jvm.dll+0xac98c]
V  [jvm.dll+0x2b2cef]
V  [jvm.dll+0x58d677]
V  [jvm.dll+0x226182]
V  [jvm.dll+0x21f3f4]
V  [jvm.dll+0x21cb0b]
V  [jvm.dll+0x1a660d]
V  [jvm.dll+0x22c9c8]
V  [jvm.dll+0x22a990]
V  [jvm.dll+0x7f9d3c]
V  [jvm.dll+0x7f415a]
V  [jvm.dll+0x684115]
C  [ucrtbase.dll+0x21bb2]
C  [KERNEL32.DLL+0x17374]
C  [ntdll.dll+0x4cc91]


---------------  P R O C E S S  ---------------

Threads class SMR info:
_java_thread_list=0x00000200f2e78f90, length=21, elements={
0x00000200d0bc8b10, 0x00000200f10050a0, 0x00000200f1005c60, 0x00000200f10434d0,
0x00000200f1045fa0, 0x00000200f1048970, 0x00000200f1049330, 0x00000200f104a020,
0x00000200f104aad0, 0x00000200f104d4e0, 0x00000200f11d9010, 0x00000200f11de510,
0x00000200f14fe800, 0x00000200f128b260, 0x00000200f128bb40, 0x00000200f1521be0,
0x00000200f16dc7f0, 0x00000200f1732b90, 0x00000200f172f3e0, 0x00000200f1731750,
0x00000200f1731c60
}

Java Threads: ( => current thread )
  0x00000200d0bc8b10 JavaThread "main" [_thread_blocked, id=132480, stack(0x000000424b700000,0x000000424b800000)]
  0x00000200f10050a0 JavaThread "Reference Handler" daemon [_thread_blocked, id=148196, stack(0x000000424be00000,0x000000424bf00000)]
  0x00000200f1005c60 JavaThread "Finalizer" daemon [_thread_blocked, id=147200, stack(0x000000424bf00000,0x000000424c000000)]
  0x00000200f10434d0 JavaThread "Signal Dispatcher" daemon [_thread_blocked, id=102320, stack(0x000000424c000000,0x000000424c100000)]
  0x00000200f1045fa0 JavaThread "Attach Listener" daemon [_thread_blocked, id=143208, stack(0x000000424c100000,0x000000424c200000)]
  0x00000200f1048970 JavaThread "Service Thread" daemon [_thread_blocked, id=136532, stack(0x000000424c200000,0x000000424c300000)]
  0x00000200f1049330 JavaThread "Monitor Deflation Thread" daemon [_thread_blocked, id=127592, stack(0x000000424c300000,0x000000424c400000)]
=>0x00000200f104a020 JavaThread "C2 CompilerThread0" daemon [_thread_in_native, id=112080, stack(0x000000424c400000,0x000000424c500000)]
  0x00000200f104aad0 JavaThread "C1 CompilerThread0" daemon [_thread_blocked, id=144824, stack(0x000000424c500000,0x000000424c600000)]
  0x00000200f104d4e0 JavaThread "Sweeper thread" daemon [_thread_blocked, id=105780, stack(0x000000424c600000,0x000000424c700000)]
  0x00000200f11d9010 JavaThread "Common-Cleaner" daemon [_thread_blocked, id=126808, stack(0x000000424c700000,0x000000424c800000)]
  0x00000200f11de510 JavaThread "Notification Thread" daemon [_thread_blocked, id=109028, stack(0x000000424c800000,0x000000424c900000)]
  0x00000200f14fe800 JavaThread "RMI TCP Accept-47265" daemon [_thread_in_native, id=14244, stack(0x000000424ca00000,0x000000424cb00000)]
  0x00000200f128b260 JavaThread "RMI TCP Accept-0" daemon [_thread_in_native, id=144388, stack(0x000000424cb00000,0x000000424cc00000)]
  0x00000200f128bb40 JavaThread "RMI Reaper" [_thread_blocked, id=142184, stack(0x000000424cc00000,0x000000424cd00000)]
  0x00000200f1521be0 JavaThread "RMI GC Daemon" daemon [_thread_blocked, id=143152, stack(0x000000424cd00000,0x000000424ce00000)]
  0x00000200f16dc7f0 JavaThread "RMI TCP Connection(2)-127.0.0.1" daemon [_thread_in_native, id=142544, stack(0x000000424cf00000,0x000000424d000000)]
  0x00000200f1732b90 JavaThread "RMI Scheduler(0)" daemon [_thread_blocked, id=147544, stack(0x000000424d000000,0x000000424d100000)]
  0x00000200f172f3e0 JavaThread "RMI TCP Connection(3)-127.0.0.1" daemon [_thread_in_native, id=136616, stack(0x000000424d100000,0x000000424d200000)]
  0x00000200f1731750 JavaThread "RMI RenewClean-[127.0.0.1:54139]" daemon [_thread_blocked, id=143128, stack(0x000000424d300000,0x000000424d400000)]
  0x00000200f1731c60 JavaThread "PostgreSQL-JDBC-Cleaner" daemon [_thread_blocked, id=144120, stack(0x000000424b500000,0x000000424b600000)]

Other Threads:
  0x00000200ecc8fc80 VMThread "VM Thread" [stack: 0x000000424bd00000,0x000000424be00000] [id=120404]
  0x00000200d0c46f20 WatcherThread [stack: 0x000000424c900000,0x000000424ca00000] [id=147796]
  0x00000200d0c23c60 GCTaskThread "GC Thread#0" [stack: 0x000000424b800000,0x000000424b900000] [id=143924]
  0x00000200f26f4880 GCTaskThread "GC Thread#1" [stack: 0x000000424d600000,0x000000424d700000] [id=146388]
  0x00000200f2336cc0 GCTaskThread "GC Thread#2" [stack: 0x000000424d700000,0x000000424d800000] [id=87292]
  0x00000200f2b98050 GCTaskThread "GC Thread#3" [stack: 0x000000424d800000,0x000000424d900000] [id=141316]
  0x00000200f232f460 GCTaskThread "GC Thread#4" [stack: 0x000000424d900000,0x000000424da00000] [id=141708]
  0x00000200f232f720 GCTaskThread "GC Thread#5" [stack: 0x000000424da00000,0x000000424db00000] [id=126600]
  0x00000200f232f9e0 GCTaskThread "GC Thread#6" [stack: 0x000000424db00000,0x000000424dc00000] [id=117296]
  0x00000200f23304b0 GCTaskThread "GC Thread#7" [stack: 0x000000424dc00000,0x000000424dd00000] [id=132596]
  0x00000200d0c35bc0 ConcurrentGCThread "G1 Main Marker" [stack: 0x000000424b900000,0x000000424ba00000] [id=145948]
  0x00000200d0c375e0 ConcurrentGCThread "G1 Conc#0" [stack: 0x000000424ba00000,0x000000424bb00000] [id=147828]
  0x00000200d0c7e150 ConcurrentGCThread "G1 Refine#0" [stack: 0x000000424bb00000,0x000000424bc00000] [id=125516]
  0x00000200f2330770 ConcurrentGCThread "G1 Refine#1" [stack: 0x000000424dd00000,0x000000424de00000] [id=110480]
  0x00000200d0c7eb80 ConcurrentGCThread "G1 Service" [stack: 0x000000424bc00000,0x000000424bd00000] [id=142840]

Threads with active compile tasks:
C2 CompilerThread0  1778102 2710       4       sun.rmi.transport.StreamRemoteCall::getOutputStream (39 bytes)

VM state: not at safepoint (normal execution)

VM Mutex/Monitor currently owned by a thread: None

Heap address: 0x0000000080000000, size: 2048 MB, Compressed Oops mode: 32-bit

CDS archive(s) not mapped
Compressed class space mapped at: 0x0000000100000000-0x0000000140000000, reserved size: 1073741824
Narrow klass base: 0x0000000000000000, Narrow klass shift: 3, Narrow klass range: 0x140000000

GC Precious Log:
 CPUs: 8 total, 8 available
 Memory: 7995M
 Large Page Support: Disabled
 NUMA Support: Disabled
 Compressed Oops: Enabled (32-bit)
 Heap Region Size: 1M
 Heap Min Capacity: 128M
 Heap Initial Capacity: 128M
 Heap Max Capacity: 2G
 Pre-touch: Disabled
 Parallel Workers: 8
 Concurrent Workers: 2
 Concurrent Refinement Workers: 8
 Periodic GC: Disabled

Heap:
 garbage-first heap   total 131072K, used 57085K [0x0000000080000000, 0x0000000100000000)
  region size 1024K, 48 young (49152K), 2 survivors (2048K)
 Metaspace       used 20373K, committed 20672K, reserved 1114112K
  class space    used 2055K, committed 2176K, reserved 1048576K

Heap Regions: E=young(eden), S=young(survivor), O=old, HS=humongous(starts), HC=humongous(continues), CS=collection set, F=free, OA=open archive, CA=closed archive, TAMS=top-at-mark-start (previous, next)
|   0|0x0000000080000000, 0x0000000080100000, 0x0000000080100000|100%|HS|  |TAMS 0x0000000080000000, 0x0000000080000000| Complete 
|   1|0x0000000080100000, 0x0000000080200000, 0x0000000080200000|100%|HC|  |TAMS 0x0000000080100000, 0x0000000080100000| Complete 
|   2|0x0000000080200000, 0x0000000080300000, 0x0000000080300000|100%|HC|  |TAMS 0x0000000080200000, 0x0000000080200000| Complete 
|   3|0x0000000080300000, 0x0000000080400000, 0x0000000080400000|100%|HS|  |TAMS 0x0000000080300000, 0x0000000080300000| Complete 
|   4|0x0000000080400000, 0x0000000080500000, 0x0000000080500000|100%| O|  |TAMS 0x0000000080400000, 0x0000000080400000| Untracked 
|   5|0x0000000080500000, 0x0000000080600000, 0x0000000080600000|100%| O|  |TAMS 0x0000000080500000, 0x0000000080500000| Untracked 
|   6|0x0000000080600000, 0x0000000080700000, 0x0000000080700000|100%| O|  |TAMS 0x0000000080600000, 0x0000000080600000| Untracked 
|   7|0x0000000080700000, 0x0000000080800000, 0x0000000080800000|100%| O|  |TAMS 0x0000000080700000, 0x0000000080700000| Untracked 
|   8|0x0000000080800000, 0x0000000080900000, 0x0000000080900000|100%| O|  |TAMS 0x0000000080800000, 0x0000000080800000| Untracked 
|   9|0x0000000080900000, 0x000000008099a000, 0x0000000080a00000| 60%| O|  |TAMS 0x0000000080900000, 0x0000000080900000| Untracked 
|  10|0x0000000080a00000, 0x0000000080a00000, 0x0000000080b00000|  0%| F|  |TAMS 0x0000000080a00000, 0x0000000080a00000| Untracked 
|  11|0x0000000080b00000, 0x0000000080b00000, 0x0000000080c00000|  0%| F|  |TAMS 0x0000000080b00000, 0x0000000080b00000| Untracked 
|  12|0x0000000080c00000, 0x0000000080c00000, 0x0000000080d00000|  0%| F|  |TAMS 0x0000000080c00000, 0x0000000080c00000| Untracked 
|  13|0x0000000080d00000, 0x0000000080d00000, 0x0000000080e00000|  0%| F|  |TAMS 0x0000000080d00000, 0x0000000080d00000| Untracked 
|  14|0x0000000080e00000, 0x0000000080e00000, 0x0000000080f00000|  0%| F|  |TAMS 0x0000000080e00000, 0x0000000080e00000| Untracked 
|  15|0x0000000080f00000, 0x0000000080f00000, 0x0000000081000000|  0%| F|  |TAMS 0x0000000080f00000, 0x0000000080f00000| Untracked 
|  16|0x0000000081000000, 0x0000000081000000, 0x0000000081100000|  0%| F|  |TAMS 0x0000000081000000, 0x0000000081000000| Untracked 
|  17|0x0000000081100000, 0x0000000081100000, 0x0000000081200000|  0%| F|  |TAMS 0x0000000081100000, 0x0000000081100000| Untracked 
|  18|0x0000000081200000, 0x0000000081200000, 0x0000000081300000|  0%| F|  |TAMS 0x0000000081200000, 0x0000000081200000| Untracked 
|  19|0x0000000081300000, 0x0000000081300000, 0x0000000081400000|  0%| F|  |TAMS 0x0000000081300000, 0x0000000081300000| Untracked 
|  20|0x0000000081400000, 0x0000000081400000, 0x0000000081500000|  0%| F|  |TAMS 0x0000000081400000, 0x0000000081400000| Untracked 
|  21|0x0000000081500000, 0x0000000081500000, 0x0000000081600000|  0%| F|  |TAMS 0x0000000081500000, 0x0000000081500000| Untracked 
|  22|0x0000000081600000, 0x0000000081600000, 0x0000000081700000|  0%| F|  |TAMS 0x0000000081600000, 0x0000000081600000| Untracked 
|  23|0x0000000081700000, 0x0000000081700000, 0x0000000081800000|  0%| F|  |TAMS 0x0000000081700000, 0x0000000081700000| Untracked 
|  24|0x0000000081800000, 0x0000000081800000, 0x0000000081900000|  0%| F|  |TAMS 0x0000000081800000, 0x0000000081800000| Untracked 
|  25|0x0000000081900000, 0x0000000081900000, 0x0000000081a00000|  0%| F|  |TAMS 0x0000000081900000, 0x0000000081900000| Untracked 
|  26|0x0000000081a00000, 0x0000000081a00000, 0x0000000081b00000|  0%| F|  |TAMS 0x0000000081a00000, 0x0000000081a00000| Untracked 
|  27|0x0000000081b00000, 0x0000000081b00000, 0x0000000081c00000|  0%| F|  |TAMS 0x0000000081b00000, 0x0000000081b00000| Untracked 
|  28|0x0000000081c00000, 0x0000000081c00000, 0x0000000081d00000|  0%| F|  |TAMS 0x0000000081c00000, 0x0000000081c00000| Untracked 
|  29|0x0000000081d00000, 0x0000000081d00000, 0x0000000081e00000|  0%| F|  |TAMS 0x0000000081d00000, 0x0000000081d00000| Untracked 
|  30|0x0000000081e00000, 0x0000000081e00000, 0x0000000081f00000|  0%| F|  |TAMS 0x0000000081e00000, 0x0000000081e00000| Untracked 
|  31|0x0000000081f00000, 0x0000000081f00000, 0x0000000082000000|  0%| F|  |TAMS 0x0000000081f00000, 0x0000000081f00000| Untracked 
|  32|0x0000000082000000, 0x0000000082000000, 0x0000000082100000|  0%| F|  |TAMS 0x0000000082000000, 0x0000000082000000| Untracked 
|  33|0x0000000082100000, 0x0000000082100000, 0x0000000082200000|  0%| F|  |TAMS 0x0000000082100000, 0x0000000082100000| Untracked 
|  34|0x0000000082200000, 0x0000000082200000, 0x0000000082300000|  0%| F|  |TAMS 0x0000000082200000, 0x0000000082200000| Untracked 
|  35|0x0000000082300000, 0x0000000082300000, 0x0000000082400000|  0%| F|  |TAMS 0x0000000082300000, 0x0000000082300000| Untracked 
|  36|0x0000000082400000, 0x0000000082400000, 0x0000000082500000|  0%| F|  |TAMS 0x0000000082400000, 0x0000000082400000| Untracked 
|  37|0x0000000082500000, 0x0000000082500000, 0x0000000082600000|  0%| F|  |TAMS 0x0000000082500000, 0x0000000082500000| Untracked 
|  38|0x0000000082600000, 0x0000000082600000, 0x0000000082700000|  0%| F|  |TAMS 0x0000000082600000, 0x0000000082600000| Untracked 
|  39|0x0000000082700000, 0x0000000082700000, 0x0000000082800000|  0%| F|  |TAMS 0x0000000082700000, 0x0000000082700000| Untracked 
|  40|0x0000000082800000, 0x0000000082800000, 0x0000000082900000|  0%| F|  |TAMS 0x0000000082800000, 0x0000000082800000| Untracked 
|  41|0x0000000082900000, 0x0000000082900000, 0x0000000082a00000|  0%| F|  |TAMS 0x0000000082900000, 0x0000000082900000| Untracked 
|  42|0x0000000082a00000, 0x0000000082a00000, 0x0000000082b00000|  0%| F|  |TAMS 0x0000000082a00000, 0x0000000082a00000| Untracked 
|  43|0x0000000082b00000, 0x0000000082b00000, 0x0000000082c00000|  0%| F|  |TAMS 0x0000000082b00000, 0x0000000082b00000| Untracked 
|  44|0x0000000082c00000, 0x0000000082c00000, 0x0000000082d00000|  0%| F|  |TAMS 0x0000000082c00000, 0x0000000082c00000| Untracked 
|  45|0x0000000082d00000, 0x0000000082d00000, 0x0000000082e00000|  0%| F|  |TAMS 0x0000000082d00000, 0x0000000082d00000| Untracked 
|  46|0x0000000082e00000, 0x0000000082e00000, 0x0000000082f00000|  0%| F|  |TAMS 0x0000000082e00000, 0x0000000082e00000| Untracked 
|  47|0x0000000082f00000, 0x0000000082f00000, 0x0000000083000000|  0%| F|  |TAMS 0x0000000082f00000, 0x0000000082f00000| Untracked 
|  48|0x0000000083000000, 0x0000000083000000, 0x0000000083100000|  0%| F|  |TAMS 0x0000000083000000, 0x0000000083000000| Untracked 
|  49|0x0000000083100000, 0x0000000083100000, 0x0000000083200000|  0%| F|  |TAMS 0x0000000083100000, 0x0000000083100000| Untracked 
|  50|0x0000000083200000, 0x0000000083200000, 0x0000000083300000|  0%| F|  |TAMS 0x0000000083200000, 0x0000000083200000| Untracked 
|  51|0x0000000083300000, 0x0000000083300000, 0x0000000083400000|  0%| F|  |TAMS 0x0000000083300000, 0x0000000083300000| Untracked 
|  52|0x0000000083400000, 0x0000000083400000, 0x0000000083500000|  0%| F|  |TAMS 0x0000000083400000, 0x0000000083400000| Untracked 
|  53|0x0000000083500000, 0x0000000083500000, 0x0000000083600000|  0%| F|  |TAMS 0x0000000083500000, 0x0000000083500000| Untracked 
|  54|0x0000000083600000, 0x0000000083600000, 0x0000000083700000|  0%| F|  |TAMS 0x0000000083600000, 0x0000000083600000| Untracked 
|  55|0x0000000083700000, 0x0000000083700000, 0x0000000083800000|  0%| F|  |TAMS 0x0000000083700000, 0x0000000083700000| Untracked 
|  56|0x0000000083800000, 0x0000000083800000, 0x0000000083900000|  0%| F|  |TAMS 0x0000000083800000, 0x0000000083800000| Untracked 
|  57|0x0000000083900000, 0x0000000083900000, 0x0000000083a00000|  0%| F|  |TAMS 0x0000000083900000, 0x0000000083900000| Untracked 
|  58|0x0000000083a00000, 0x0000000083a00000, 0x0000000083b00000|  0%| F|  |TAMS 0x0000000083a00000, 0x0000000083a00000| Untracked 
|  59|0x0000000083b00000, 0x0000000083b00000, 0x0000000083c00000|  0%| F|  |TAMS 0x0000000083b00000, 0x0000000083b00000| Untracked 
|  60|0x0000000083c00000, 0x0000000083c00000, 0x0000000083d00000|  0%| F|  |TAMS 0x0000000083c00000, 0x0000000083c00000| Untracked 
|  61|0x0000000083d00000, 0x0000000083d00000, 0x0000000083e00000|  0%| F|  |TAMS 0x0000000083d00000, 0x0000000083d00000| Untracked 
|  62|0x0000000083e00000, 0x0000000083e00000, 0x0000000083f00000|  0%| F|  |TAMS 0x0000000083e00000, 0x0000000083e00000| Untracked 
|  63|0x0000000083f00000, 0x0000000083f00000, 0x0000000084000000|  0%| F|  |TAMS 0x0000000083f00000, 0x0000000083f00000| Untracked 
|  64|0x0000000084000000, 0x0000000084000000, 0x0000000084100000|  0%| F|  |TAMS 0x0000000084000000, 0x0000000084000000| Untracked 
|  65|0x0000000084100000, 0x0000000084100000, 0x0000000084200000|  0%| F|  |TAMS 0x0000000084100000, 0x0000000084100000| Untracked 
|  66|0x0000000084200000, 0x0000000084200000, 0x0000000084300000|  0%| F|  |TAMS 0x0000000084200000, 0x0000000084200000| Untracked 
|  67|0x0000000084300000, 0x0000000084300000, 0x0000000084400000|  0%| F|  |TAMS 0x0000000084300000, 0x0000000084300000| Untracked 
|  68|0x0000000084400000, 0x0000000084400000, 0x0000000084500000|  0%| F|  |TAMS 0x0000000084400000, 0x0000000084400000| Untracked 
|  69|0x0000000084500000, 0x0000000084500000, 0x0000000084600000|  0%| F|  |TAMS 0x0000000084500000, 0x0000000084500000| Untracked 
|  70|0x0000000084600000, 0x0000000084600000, 0x0000000084700000|  0%| F|  |TAMS 0x0000000084600000, 0x0000000084600000| Untracked 
|  71|0x0000000084700000, 0x0000000084700000, 0x0000000084800000|  0%| F|  |TAMS 0x0000000084700000, 0x0000000084700000| Untracked 
|  72|0x0000000084800000, 0x0000000084800000, 0x0000000084900000|  0%| F|  |TAMS 0x0000000084800000, 0x0000000084800000| Untracked 
|  73|0x0000000084900000, 0x0000000084900000, 0x0000000084a00000|  0%| F|  |TAMS 0x0000000084900000, 0x0000000084900000| Untracked 
|  74|0x0000000084a00000, 0x0000000084a00000, 0x0000000084b00000|  0%| F|  |TAMS 0x0000000084a00000, 0x0000000084a00000| Untracked 
|  75|0x0000000084b00000, 0x0000000084b00000, 0x0000000084c00000|  0%| F|  |TAMS 0x0000000084b00000, 0x0000000084b00000| Untracked 
|  76|0x0000000084c00000, 0x0000000084c00000, 0x0000000084d00000|  0%| F|  |TAMS 0x0000000084c00000, 0x0000000084c00000| Untracked 
|  77|0x0000000084d00000, 0x0000000084d00000, 0x0000000084e00000|  0%| F|  |TAMS 0x0000000084d00000, 0x0000000084d00000| Untracked 
|  78|0x0000000084e00000, 0x0000000084e00000, 0x0000000084f00000|  0%| F|  |TAMS 0x0000000084e00000, 0x0000000084e00000| Untracked 
|  79|0x0000000084f00000, 0x0000000084f00000, 0x0000000085000000|  0%| F|  |TAMS 0x0000000084f00000, 0x0000000084f00000| Untracked 
|  80|0x0000000085000000, 0x00000000850573a0, 0x0000000085100000| 34%| E|  |TAMS 0x0000000085000000, 0x0000000085000000| Complete 
|  81|0x0000000085100000, 0x0000000085200000, 0x0000000085200000|100%| E|CS|TAMS 0x0000000085100000, 0x0000000085100000| Complete 
|  82|0x0000000085200000, 0x0000000085300000, 0x0000000085300000|100%| E|CS|TAMS 0x0000000085200000, 0x0000000085200000| Complete 
|  83|0x0000000085300000, 0x0000000085400000, 0x0000000085400000|100%| E|CS|TAMS 0x0000000085300000, 0x0000000085300000| Complete 
|  84|0x0000000085400000, 0x0000000085500000, 0x0000000085500000|100%| E|CS|TAMS 0x0000000085400000, 0x0000000085400000| Complete 
|  85|0x0000000085500000, 0x0000000085600000, 0x0000000085600000|100%| E|CS|TAMS 0x0000000085500000, 0x0000000085500000| Complete 
|  86|0x0000000085600000, 0x0000000085700000, 0x0000000085700000|100%| E|CS|TAMS 0x0000000085600000, 0x0000000085600000| Complete 
|  87|0x0000000085700000, 0x0000000085800000, 0x0000000085800000|100%| E|CS|TAMS 0x0000000085700000, 0x0000000085700000| Complete 
|  88|0x0000000085800000, 0x0000000085900000, 0x0000000085900000|100%| E|CS|TAMS 0x0000000085800000, 0x0000000085800000| Complete 
|  89|0x0000000085900000, 0x0000000085a00000, 0x0000000085a00000|100%| E|CS|TAMS 0x0000000085900000, 0x0000000085900000| Complete 
|  90|0x0000000085a00000, 0x0000000085b00000, 0x0000000085b00000|100%| E|CS|TAMS 0x0000000085a00000, 0x0000000085a00000| Complete 
|  91|0x0000000085b00000, 0x0000000085c00000, 0x0000000085c00000|100%| E|CS|TAMS 0x0000000085b00000, 0x0000000085b00000| Complete 
|  92|0x0000000085c00000, 0x0000000085d00000, 0x0000000085d00000|100%| E|CS|TAMS 0x0000000085c00000, 0x0000000085c00000| Complete 
|  93|0x0000000085d00000, 0x0000000085e00000, 0x0000000085e00000|100%| E|CS|TAMS 0x0000000085d00000, 0x0000000085d00000| Complete 
|  94|0x0000000085e00000, 0x0000000085f00000, 0x0000000085f00000|100%| E|CS|TAMS 0x0000000085e00000, 0x0000000085e00000| Complete 
|  95|0x0000000085f00000, 0x0000000086000000, 0x0000000086000000|100%| E|CS|TAMS 0x0000000085f00000, 0x0000000085f00000| Complete 
|  96|0x0000000086000000, 0x0000000086100000, 0x0000000086100000|100%| E|CS|TAMS 0x0000000086000000, 0x0000000086000000| Complete 
|  97|0x0000000086100000, 0x0000000086200000, 0x0000000086200000|100%| E|CS|TAMS 0x0000000086100000, 0x0000000086100000| Complete 
|  98|0x0000000086200000, 0x0000000086300000, 0x0000000086300000|100%| E|CS|TAMS 0x0000000086200000, 0x0000000086200000| Complete 
|  99|0x0000000086300000, 0x0000000086400000, 0x0000000086400000|100%| E|CS|TAMS 0x0000000086300000, 0x0000000086300000| Complete 
| 100|0x0000000086400000, 0x0000000086500000, 0x0000000086500000|100%| E|CS|TAMS 0x0000000086400000, 0x0000000086400000| Complete 
| 101|0x0000000086500000, 0x00000000865255d0, 0x0000000086600000| 14%| S|CS|TAMS 0x0000000086500000, 0x0000000086500000| Complete 
| 102|0x0000000086600000, 0x0000000086700000, 0x0000000086700000|100%| E|CS|TAMS 0x0000000086600000, 0x0000000086600000| Complete 
| 103|0x0000000086700000, 0x0000000086800000, 0x0000000086800000|100%| E|CS|TAMS 0x0000000086700000, 0x0000000086700000| Complete 
| 104|0x0000000086800000, 0x0000000086900000, 0x0000000086900000|100%| E|CS|TAMS 0x0000000086800000, 0x0000000086800000| Complete 
| 105|0x0000000086900000, 0x0000000086a00000, 0x0000000086a00000|100%| S|CS|TAMS 0x0000000086900000, 0x0000000086900000| Complete 
| 106|0x0000000086a00000, 0x0000000086b00000, 0x0000000086b00000|100%| E|CS|TAMS 0x0000000086a00000, 0x0000000086a00000| Complete 
| 107|0x0000000086b00000, 0x0000000086c00000, 0x0000000086c00000|100%| E|CS|TAMS 0x0000000086b00000, 0x0000000086b00000| Complete 
| 108|0x0000000086c00000, 0x0000000086d00000, 0x0000000086d00000|100%| E|CS|TAMS 0x0000000086c00000, 0x0000000086c00000| Complete 
| 109|0x0000000086d00000, 0x0000000086e00000, 0x0000000086e00000|100%| E|CS|TAMS 0x0000000086d00000, 0x0000000086d00000| Complete 
| 110|0x0000000086e00000, 0x0000000086f00000, 0x0000000086f00000|100%| E|CS|TAMS 0x0000000086e00000, 0x0000000086e00000| Complete 
| 111|0x0000000086f00000, 0x0000000087000000, 0x0000000087000000|100%| E|CS|TAMS 0x0000000086f00000, 0x0000000086f00000| Complete 
| 112|0x0000000087000000, 0x0000000087100000, 0x0000000087100000|100%| E|CS|TAMS 0x0000000087000000, 0x0000000087000000| Complete 
| 113|0x0000000087100000, 0x0000000087200000, 0x0000000087200000|100%| E|CS|TAMS 0x0000000087100000, 0x0000000087100000| Complete 
| 114|0x0000000087200000, 0x0000000087300000, 0x0000000087300000|100%| E|CS|TAMS 0x0000000087200000, 0x0000000087200000| Complete 
| 115|0x0000000087300000, 0x0000000087400000, 0x0000000087400000|100%| E|CS|TAMS 0x0000000087300000, 0x0000000087300000| Complete 
| 116|0x0000000087400000, 0x0000000087500000, 0x0000000087500000|100%| E|CS|TAMS 0x0000000087400000, 0x0000000087400000| Complete 
| 117|0x0000000087500000, 0x0000000087600000, 0x0000000087600000|100%| E|CS|TAMS 0x0000000087500000, 0x0000000087500000| Complete 
| 118|0x0000000087600000, 0x0000000087700000, 0x0000000087700000|100%| E|CS|TAMS 0x0000000087600000, 0x0000000087600000| Complete 
| 119|0x0000000087700000, 0x0000000087800000, 0x0000000087800000|100%| E|CS|TAMS 0x0000000087700000, 0x0000000087700000| Complete 
| 120|0x0000000087800000, 0x0000000087900000, 0x0000000087900000|100%| E|CS|TAMS 0x0000000087800000, 0x0000000087800000| Complete 
| 121|0x0000000087900000, 0x0000000087a00000, 0x0000000087a00000|100%| E|CS|TAMS 0x0000000087900000, 0x0000000087900000| Complete 
| 122|0x0000000087a00000, 0x0000000087b00000, 0x0000000087b00000|100%| E|CS|TAMS 0x0000000087a00000, 0x0000000087a00000| Complete 
| 123|0x0000000087b00000, 0x0000000087c00000, 0x0000000087c00000|100%| E|CS|TAMS 0x0000000087b00000, 0x0000000087b00000| Complete 
| 124|0x0000000087c00000, 0x0000000087d00000, 0x0000000087d00000|100%| E|CS|TAMS 0x0000000087c00000, 0x0000000087c00000| Complete 
| 125|0x0000000087d00000, 0x0000000087e00000, 0x0000000087e00000|100%| E|CS|TAMS 0x0000000087d00000, 0x0000000087d00000| Complete 
| 126|0x0000000087e00000, 0x0000000087f00000, 0x0000000087f00000|100%| E|CS|TAMS 0x0000000087e00000, 0x0000000087e00000| Complete 
| 127|0x0000000087f00000, 0x0000000088000000, 0x0000000088000000|100%| E|CS|TAMS 0x0000000087f00000, 0x0000000087f00000| Complete 

Card table byte_map: [0x00000200e5990000,0x00000200e5d90000] _byte_map_base: 0x00000200e5590000

Marking Bits (Prev, Next): (CMBitMap*) 0x00000200d0c24280, (CMBitMap*) 0x00000200d0c242c0
 Prev Bits: [0x00000200e6190000, 0x00000200e8190000)
 Next Bits: [0x00000200e8190000, 0x00000200ea190000)

Polling page: 0x00000200d0c80000

Metaspace:

Usage:
  Non-class:     17.89 MB used.
      Class:      2.01 MB used.
       Both:     19.90 MB used.

Virtual space:
  Non-class space:       64.00 MB reserved,      18.06 MB ( 28%) committed,  1 nodes.
      Class space:        1.00 GB reserved,       2.12 MB ( <1%) committed,  1 nodes.
             Both:        1.06 GB reserved,      20.19 MB (  2%) committed. 

Chunk freelists:
   Non-Class:  13.87 MB
       Class:  13.88 MB
        Both:  27.75 MB

MaxMetaspaceSize: unlimited
CompressedClassSpaceSize: 1.00 GB
Initial GC threshold: 21.00 MB
Current GC threshold: 21.00 MB
CDS: off
MetaspaceReclaimPolicy: balanced
 - commit_granule_bytes: 65536.
 - commit_granule_words: 8192.
 - virtual_space_node_default_size: 8388608.
 - enlarge_chunks_in_place: 1.
 - new_chunks_are_fully_committed: 0.
 - uncommit_free_chunks: 1.
 - use_allocation_guard: 0.
 - handle_deallocations: 1.


Internal statistics:

num_allocs_failed_limit: 0.
num_arena_births: 382.
num_arena_deaths: 0.
num_vsnodes_births: 2.
num_vsnodes_deaths: 0.
num_space_committed: 323.
num_space_uncommitted: 0.
num_chunks_returned_to_freelist: 0.
num_chunks_taken_from_freelist: 771.
num_chunk_merges: 0.
num_chunk_splits: 435.
num_chunks_enlarged: 184.
num_inconsistent_stats: 0.

CodeHeap 'non-profiled nmethods': size=120000Kb used=1921Kb max_used=1921Kb free=118078Kb
 bounds [0x00000200dd600000, 0x00000200dd870000, 0x00000200e4b30000]
CodeHeap 'profiled nmethods': size=120000Kb used=5506Kb max_used=5506Kb free=114493Kb
 bounds [0x00000200d5b30000, 0x00000200d60a0000, 0x00000200dd060000]
CodeHeap 'non-nmethods': size=5760Kb used=1214Kb max_used=1283Kb free=4546Kb
 bounds [0x00000200dd060000, 0x00000200dd2d0000, 0x00000200dd600000]
 total_blobs=3215 nmethods=2706 adapters=422
 compilation: enabled
              stopped_count=0, restarted_count=0
 full_count=0

Compilation events (20 events):
Event: 1777.760 Thread 0x00000200f104a020 nmethod 2701 0x00000200dd7dfe10 code [0x00000200dd7dff80, 0x00000200dd7dfff8]
Event: 1777.764 Thread 0x00000200f104aad0 2702       3       org.postgresql.shaded.com.ongres.scram.common.bouncycastle.base64.Base64Encoder::nextI (25 bytes)
Event: 1777.765 Thread 0x00000200f104aad0 nmethod 2702 0x00000200d6089110 code [0x00000200d6089320, 0x00000200d6089b38]
Event: 1777.766 Thread 0x00000200f104aad0 2703       3       org.postgresql.PGProperty::getOrDefault (13 bytes)
Event: 1777.766 Thread 0x00000200f104aad0 nmethod 2703 0x00000200d6089e90 code [0x00000200d608a040, 0x00000200d608a348]
Event: 1777.768 Thread 0x00000200f104aad0 2704       3       java.util.TreeMap::fixAfterInsertion (267 bytes)
Event: 1777.774 Thread 0x00000200f104aad0 nmethod 2704 0x00000200d608a490 code [0x00000200d608a940, 0x00000200d608d018]
Event: 1777.774 Thread 0x00000200f104aad0 2705       3       java.util.stream.StreamOpFlag::isKnown (19 bytes)
Event: 1777.774 Thread 0x00000200f104aad0 nmethod 2705 0x00000200d608dc90 code [0x00000200d608de20, 0x00000200d608df98]
Event: 1777.779 Thread 0x00000200f104aad0 2706       3       java.util.regex.Pattern::atom (422 bytes)
Event: 1777.782 Thread 0x00000200f104aad0 nmethod 2706 0x00000200d608e010 code [0x00000200d608e380, 0x00000200d608fac8]
Event: 1777.839 Thread 0x00000200f104a020 2707       4       java.util.HashMap::isEmpty (13 bytes)
Event: 1777.839 Thread 0x00000200f104a020 nmethod 2707 0x00000200dd7e0110 code [0x00000200dd7e0280, 0x00000200dd7e0318]
Event: 1778.006 Thread 0x00000200f104a020 2708       4       java.lang.Long::equals (30 bytes)
Event: 1778.007 Thread 0x00000200f104a020 nmethod 2708 0x00000200dd7e0410 code [0x00000200dd7e05a0, 0x00000200dd7e0678]
Event: 1778.008 Thread 0x00000200f104aad0 2709       3       java.util.Calendar::internalSet (8 bytes)
Event: 1778.008 Thread 0x00000200f104aad0 nmethod 2709 0x00000200d6090190 code [0x00000200d6090320, 0x00000200d6090458]
Event: 1778.010 Thread 0x00000200f104a020 2710       4       sun.rmi.transport.StreamRemoteCall::getOutputStream (39 bytes)
Event: 1778.018 Thread 0x00000200f104aad0 2715       3       java.util.concurrent.LinkedBlockingQueue$Node::<init> (10 bytes)
Event: 1778.018 Thread 0x00000200f104aad0 nmethod 2715 0x00000200d6090510 code [0x00000200d60906a0, 0x00000200d6090858]

GC Heap History (4 events):
Event: 1.555 GC heap before
{Heap before GC invocations=0 (full 0):
 garbage-first heap   total 131072K, used 26624K [0x0000000080000000, 0x0000000100000000)
  region size 1024K, 23 young (23552K), 0 survivors (0K)
 Metaspace       used 18265K, committed 18560K, reserved 1114112K
  class space    used 1905K, committed 2048K, reserved 1048576K
}
Event: 1.568 GC heap after
{Heap after GC invocations=1 (full 0):
 garbage-first heap   total 131072K, used 9938K [0x0000000080000000, 0x0000000100000000)
  region size 1024K, 3 young (3072K), 3 survivors (3072K)
 Metaspace       used 18265K, committed 18560K, reserved 1114112K
  class space    used 1905K, committed 2048K, reserved 1048576K
}
Event: 5.622 GC heap before
{Heap before GC invocations=1 (full 0):
 garbage-first heap   total 131072K, used 32466K [0x0000000080000000, 0x0000000100000000)
  region size 1024K, 25 young (25600K), 3 survivors (3072K)
 Metaspace       used 19968K, committed 20288K, reserved 1114112K
  class space    used 2046K, committed 2176K, reserved 1048576K
}
Event: 5.626 GC heap after
{Heap after GC invocations=2 (full 0):
 garbage-first heap   total 131072K, used 11005K [0x0000000080000000, 0x0000000100000000)
  region size 1024K, 2 young (2048K), 2 survivors (2048K)
 Metaspace       used 19968K, committed 20288K, reserved 1114112K
  class space    used 2046K, committed 2176K, reserved 1048576K
}

Dll operation events (1 events):
Event: 0.007 Loaded shared library D:\IntelliJ IDEA 2023.2.3\jbr\bin\java.dll

Deoptimization events (20 events):
Event: 1037.213 Thread 0x00000200f172f3e0 DEOPT PACKING pc=0x00000200dd6f95f4 sp=0x000000424d1fd470
Event: 1037.213 Thread 0x00000200f172f3e0 DEOPT UNPACKING pc=0x00000200dd0ba1a3 sp=0x000000424d1fd420 mode 2
Event: 1037.213 Thread 0x00000200f172f3e0 Uncommon trap: trap_request=0xffffff45 fr.pc=0x00000200dd6fa850 relative=0x0000000000000ad0
Event: 1037.213 Thread 0x00000200f172f3e0 Uncommon trap: reason=unstable_if action=reinterpret pc=0x00000200dd6fa850 method=java.io.ObjectInputStream$BlockDataInputStream.readUTFBody(J)Ljava/lang/String; @ 48 c2
Event: 1037.213 Thread 0x00000200f172f3e0 DEOPT PACKING pc=0x00000200dd6fa850 sp=0x000000424d1fd430
Event: 1037.213 Thread 0x00000200f172f3e0 DEOPT UNPACKING pc=0x00000200dd0ba1a3 sp=0x000000424d1fd408 mode 2
Event: 1037.216 Thread 0x00000200f172f3e0 Uncommon trap: trap_request=0xffffff45 fr.pc=0x00000200dd768ea8 relative=0x0000000000000468
Event: 1037.216 Thread 0x00000200f172f3e0 Uncommon trap: reason=unstable_if action=reinterpret pc=0x00000200dd768ea8 method=sun.rmi.transport.ConnectionInputStream.registerRefs()V @ 9 c2
Event: 1037.216 Thread 0x00000200f172f3e0 DEOPT PACKING pc=0x00000200dd768ea8 sp=0x000000424d1fe7d0
Event: 1037.216 Thread 0x00000200f172f3e0 DEOPT UNPACKING pc=0x00000200dd0ba1a3 sp=0x000000424d1fe728 mode 2
Event: 1037.443 Thread 0x00000200f172f3e0 Uncommon trap: trap_request=0xffffffde fr.pc=0x00000200dd6fc818 relative=0x0000000000001338
Event: 1037.443 Thread 0x00000200f172f3e0 Uncommon trap: reason=class_check action=maybe_recompile pc=0x00000200dd6fc818 method=java.io.BufferedOutputStream.flushBuffer()V @ 20 c2
Event: 1037.443 Thread 0x00000200f172f3e0 DEOPT PACKING pc=0x00000200dd6fc818 sp=0x000000424d1fd8e0
Event: 1037.443 Thread 0x00000200f172f3e0 DEOPT UNPACKING pc=0x00000200dd0ba1a3 sp=0x000000424d1fd8b8 mode 2
Event: 1038.340 Thread 0x00000200f172f3e0 Uncommon trap: trap_request=0xffffffcc fr.pc=0x00000200dd7995a4 relative=0x00000000000049a4
Event: 1038.340 Thread 0x00000200f172f3e0 Uncommon trap: reason=intrinsic_or_type_checked_inlining action=make_not_entrant pc=0x00000200dd7995a4 method=java.util.ArrayList.toArray([Ljava/lang/Object;)[Ljava/lang/Object; @ 36 c2
Event: 1038.340 Thread 0x00000200f172f3e0 DEOPT PACKING pc=0x00000200dd7995a4 sp=0x000000424d1fe170
Event: 1038.340 Thread 0x00000200f172f3e0 DEOPT UNPACKING pc=0x00000200dd0ba1a3 sp=0x000000424d1fdfd0 mode 2
Event: 1038.502 Thread 0x00000200f1731c60 DEOPT PACKING pc=0x00000200d5fefba1 sp=0x000000424b6fddf0
Event: 1038.502 Thread 0x00000200f1731c60 DEOPT UNPACKING pc=0x00000200dd0bace3 sp=0x000000424b6fd428 mode 0

Classes unloaded (0 events):
No events

Classes redefined (0 events):
No events

Internal exceptions (20 events):
Event: 1.002 Thread 0x00000200f1731240 Exception <a 'java/lang/NoSuchMethodError'{0x000000008723cdd0}: 'void java.lang.invoke.DirectMethodHandle$Holder.invokeStatic(java.lang.Object, java.lang.Object, java.lang.Object, java.lang.Object)'> (0x000000008723cdd0) 
thrown [s\src\hotspot\share\interpreter\linkResolver.cpp, line 771]
Event: 1.017 Thread 0x00000200f1731240 Exception <a 'java/lang/NoSuchMethodError'{0x00000000872a7b78}: 'int java.lang.invoke.DirectMethodHandle$Holder.invokeStaticInit(java.lang.Object, java.lang.Object, java.lang.Object, java.lang.Object)'> (0x00000000872a7b78) 
thrown [s\src\hotspot\share\interpreter\linkResolver.cpp, line 771]
Event: 1.018 Thread 0x00000200f1731240 Exception <a 'java/lang/NoSuchMethodError'{0x00000000872b10a0}: 'java.lang.Object java.lang.invoke.DirectMethodHandle$Holder.invokeInterface(java.lang.Object, java.lang.Object)'> (0x00000000872b10a0) 
thrown [s\src\hotspot\share\interpreter\linkResolver.cpp, line 771]
Event: 1.018 Thread 0x00000200f1731240 Exception <a 'java/lang/IncompatibleClassChangeError'{0x00000000872b4898}: Found class java.lang.Object, but interface was expected> (0x00000000872b4898) 
thrown [s\src\hotspot\share\interpreter\linkResolver.cpp, line 838]
Event: 1.019 Thread 0x00000200f1731240 Exception <a 'java/lang/NoSuchMethodError'{0x00000000872b9fe8}: 'int java.lang.invoke.DirectMethodHandle$Holder.invokeStaticInit(java.lang.Object, java.lang.Object)'> (0x00000000872b9fe8) 
thrown [s\src\hotspot\share\interpreter\linkResolver.cpp, line 771]
Event: 1.322 Thread 0x00000200f1731240 Exception <a 'sun/nio/fs/WindowsException'{0x0000000086e86978}> (0x0000000086e86978) 
thrown [s\src\hotspot\share\prims\jni.cpp, line 517]
Event: 1.466 Thread 0x00000200f1731240 Exception <a 'java/lang/NoSuchMethodError'{0x0000000086b46ee8}: 'java.lang.Object java.lang.invoke.DirectMethodHandle$Holder.invokeStaticInit(java.lang.Object, java.lang.Object, java.lang.Object)'> (0x0000000086b46ee8) 
thrown [s\src\hotspot\share\interpreter\linkResolver.cpp, line 771]
Event: 1.475 Thread 0x00000200f1731240 Exception <a 'java/lang/NoSuchMethodError'{0x0000000086ba09f8}: 'java.lang.Object java.lang.invoke.DirectMethodHandle$Holder.newInvokeSpecial(java.lang.Object, java.lang.Object, int)'> (0x0000000086ba09f8) 
thrown [s\src\hotspot\share\interpreter\linkResolver.cpp, line 771]
Event: 1.799 Thread 0x00000200f1731240 Exception <a 'java/lang/NoSuchMethodError'{0x0000000087de68c8}: static [Ljava/lang/Object;.<clinit>()V> (0x0000000087de68c8) 
thrown [s\src\hotspot\share\prims\jni.cpp, line 1108]
Event: 1.888 Thread 0x00000200f1731240 Exception <a 'java/lang/NoSuchMethodError'{0x0000000087ce2538}: static Lcom/intellij/database/remote/jdba/core/ConnectionInfo;.<clinit>()V> (0x0000000087ce2538) 
thrown [s\src\hotspot\share\prims\jni.cpp, line 1108]
Event: 1.889 Thread 0x00000200f1731240 Exception <a 'java/lang/NoSuchMethodError'{0x0000000087cec7a0}: static Ljava/lang/Object;.<clinit>()V> (0x0000000087cec7a0) 
thrown [s\src\hotspot\share\prims\jni.cpp, line 1108]
Event: 1.889 Thread 0x00000200f1731240 Exception <a 'java/lang/NoSuchMethodError'{0x0000000087cf01a0}: static [I.<clinit>()V> (0x0000000087cf01a0) 
thrown [s\src\hotspot\share\prims\jni.cpp, line 1108]
Event: 2.083 Thread 0x00000200f1731240 Exception <a 'java/lang/NoSuchMethodError'{0x0000000087bff2a8}: static Lcom/intellij/database/remote/jdba/core/ResultLayout;.<clinit>()V> (0x0000000087bff2a8) 
thrown [s\src\hotspot\share\prims\jni.cpp, line 1108]
Event: 2.084 Thread 0x00000200f1731240 Exception <a 'java/lang/NoSuchMethodError'{0x0000000087a0bfe0}: static Lcom/intellij/database/remote/jdba/core/RowLayout;.<clinit>()V> (0x0000000087a0bfe0) 
thrown [s\src\hotspot\share\prims\jni.cpp, line 1108]
Event: 2.086 Thread 0x00000200f1731240 Exception <a 'java/lang/NoSuchMethodError'{0x0000000087a186e0}: static Lcom/intellij/database/remote/jdba/util/NameAndClass;.<clinit>()V> (0x0000000087a186e0) 
thrown [s\src\hotspot\share\prims\jni.cpp, line 1108]
Event: 3.357 Thread 0x00000200f1731240 Exception <a 'java/lang/NoSuchMethodError'{0x000000008760cce0}: static [Ljava/lang/String;.<clinit>()V> (0x000000008760cce0) 
thrown [s\src\hotspot\share\prims\jni.cpp, line 1108]
Event: 300.862 Thread 0x00000200f1731750 Implicit null exception at 0x00000200dd6d8034 to 0x00000200dd6d833c
Event: 826.396 Thread 0x00000200f172f3e0 Implicit null exception at 0x00000200dd67d6b1 to 0x00000200dd67e080
Event: 826.407 Thread 0x00000200f172f3e0 Implicit null exception at 0x00000200dd66c9b0 to 0x00000200dd676a48
Event: 827.281 Thread 0x00000200f172f3e0 Exception <a 'java/lang/NoSuchMethodError'{0x00000000876478d8}: static [J.<clinit>()V> (0x00000000876478d8) 
thrown [s\src\hotspot\share\prims\jni.cpp, line 1108]

VM Operations (20 events):
Event: 857.703 Executing VM operation: Cleanup
Event: 857.703 Executing VM operation: Cleanup done
Event: 901.804 Executing VM operation: HandshakeAllThreads
Event: 901.804 Executing VM operation: HandshakeAllThreads done
Event: 1037.855 Executing VM operation: Cleanup
Event: 1037.856 Executing VM operation: Cleanup done
Event: 1038.856 Executing VM operation: Cleanup
Event: 1038.856 Executing VM operation: Cleanup done
Event: 1040.856 Executing VM operation: Cleanup
Event: 1040.857 Executing VM operation: Cleanup done
Event: 1069.870 Executing VM operation: Cleanup
Event: 1069.870 Executing VM operation: Cleanup done
Event: 1075.873 Executing VM operation: Cleanup
Event: 1075.873 Executing VM operation: Cleanup done
Event: 1082.119 Executing VM operation: HandshakeAllThreads
Event: 1082.120 Executing VM operation: HandshakeAllThreads done
Event: 1128.135 Executing VM operation: Cleanup
Event: 1128.136 Executing VM operation: Cleanup done
Event: 1338.223 Executing VM operation: Cleanup
Event: 1338.224 Executing VM operation: Cleanup done

Events (20 events):
Event: 826.804 Thread 0x00000200f172f8f0 Thread added: 0x00000200f172f8f0
Event: 827.715 Thread 0x00000200d0908a80 Thread added: 0x00000200d0908a80
Event: 832.433 Thread 0x00000200d0908a80 Thread exited: 0x00000200d0908a80
Event: 839.176 Thread 0x00000200f1730d30 Thread added: 0x00000200f1730d30
Event: 839.177 Thread 0x00000200f1730d30 Thread exited: 0x00000200f1730d30
Event: 839.177 Thread 0x00000200f1731c60 Thread added: 0x00000200f1731c60
Event: 839.177 Thread 0x00000200f1730d30 Thread added: 0x00000200f1730d30
Event: 839.178 Thread 0x00000200f1730d30 Thread exited: 0x00000200f1730d30
Event: 839.178 Thread 0x00000200f1731c60 Thread exited: 0x00000200f1731c60
Event: 856.465 Thread 0x00000200f1730820 Thread exited: 0x00000200f1730820
Event: 917.019 Thread 0x00000200f172f8f0 Thread exited: 0x00000200f172f8f0
Event: 1037.441 Thread 0x00000200f172f8f0 Thread added: 0x00000200f172f8f0
Event: 1037.760 Thread 0x00000200f1731c60 Thread added: 0x00000200f1731c60
Event: 1038.068 Thread 0x00000200f35af800 Thread added: 0x00000200f35af800
Event: 1038.873 Thread 0x00000200f35af800 Thread exited: 0x00000200f35af800
Event: 1067.447 Thread 0x00000200f172f8f0 Thread exited: 0x00000200f172f8f0
Event: 1069.095 Thread 0x00000200f1732680 Thread added: 0x00000200f1732680
Event: 1069.096 Thread 0x00000200f1732680 Thread exited: 0x00000200f1732680
Event: 1127.480 Thread 0x00000200f1731c60 Thread exited: 0x00000200f1731c60
Event: 1777.777 Thread 0x00000200f1731c60 Thread added: 0x00000200f1731c60


Dynamic libraries:
0x00007ff72f2e0000 - 0x00007ff72f2ea000 	D:\IntelliJ IDEA 2023.2.3\jbr\bin\java.exe
0x00007ffa43bf0000 - 0x00007ffa43de8000 	C:\Windows\SYSTEM32\ntdll.dll
0x00007ffa41c40000 - 0x00007ffa41d02000 	C:\Windows\System32\KERNEL32.DLL
0x00007ffa414c0000 - 0x00007ffa417be000 	C:\Windows\System32\KERNELBASE.dll
0x00007ffa41930000 - 0x00007ffa41a30000 	C:\Windows\System32\ucrtbase.dll
0x00007ffa31f30000 - 0x00007ffa31f4b000 	D:\IntelliJ IDEA 2023.2.3\jbr\bin\VCRUNTIME140.dll
0x00007ffa2a1b0000 - 0x00007ffa2a1c7000 	D:\IntelliJ IDEA 2023.2.3\jbr\bin\jli.dll
0x00007ffa42920000 - 0x00007ffa42abd000 	C:\Windows\System32\USER32.dll
0x00007ffa41490000 - 0x00007ffa414b2000 	C:\Windows\System32\win32u.dll
0x00007ffa41c10000 - 0x00007ffa41c3b000 	C:\Windows\System32\GDI32.dll
0x00007ffa41a30000 - 0x00007ffa41b47000 	C:\Windows\System32\gdi32full.dll
0x00007ffa2d7d0000 - 0x00007ffa2da6a000 	C:\Windows\WinSxS\amd64_microsoft.windows.common-controls_6595b64144ccf1df_6.0.19041.4355_none_60b8b9eb71f62e16\COMCTL32.dll
0x00007ffa42880000 - 0x00007ffa4291e000 	C:\Windows\System32\msvcrt.dll
0x00007ffa413f0000 - 0x00007ffa4148d000 	C:\Windows\System32\msvcp_win.dll
0x00007ffa42850000 - 0x00007ffa4287f000 	C:\Windows\System32\IMM32.DLL
0x0000000073c30000 - 0x0000000073c3c000 	C:\Program Files (x86)\360\Total Security\safemon\SafeWrapper.dll
0x00007ffa37ba0000 - 0x00007ffa37bac000 	D:\IntelliJ IDEA 2023.2.3\jbr\bin\vcruntime140_1.dll
0x00007ffa13540000 - 0x00007ffa135cd000 	D:\IntelliJ IDEA 2023.2.3\jbr\bin\msvcp140.dll
0x00007ff9e6e70000 - 0x00007ff9e7af3000 	D:\IntelliJ IDEA 2023.2.3\jbr\bin\server\jvm.dll
0x00007ffa43380000 - 0x00007ffa43431000 	C:\Windows\System32\ADVAPI32.dll
0x00007ffa430e0000 - 0x00007ffa4317f000 	C:\Windows\System32\sechost.dll
0x00007ffa41fa0000 - 0x00007ffa420c3000 	C:\Windows\System32\RPCRT4.dll
0x00007ffa41900000 - 0x00007ffa41927000 	C:\Windows\System32\bcrypt.dll
0x00007ffa407d0000 - 0x00007ffa4081b000 	C:\Windows\SYSTEM32\POWRPROF.dll
0x00007ffa3a210000 - 0x00007ffa3a219000 	C:\Windows\SYSTEM32\WSOCK32.dll
0x00007ffa43310000 - 0x00007ffa4337b000 	C:\Windows\System32\WS2_32.dll
0x00007ffa3aba0000 - 0x00007ffa3abaa000 	C:\Windows\SYSTEM32\VERSION.dll
0x00007ffa35880000 - 0x00007ffa358a7000 	C:\Windows\SYSTEM32\WINMM.dll
0x00007ffa40690000 - 0x00007ffa406a2000 	C:\Windows\SYSTEM32\UMPDC.dll
0x00007ffa3fab0000 - 0x00007ffa3fac2000 	C:\Windows\SYSTEM32\kernel.appcore.dll
0x00007ffa3a200000 - 0x00007ffa3a20a000 	D:\IntelliJ IDEA 2023.2.3\jbr\bin\jimage.dll
0x00007ffa3eff0000 - 0x00007ffa3f1d4000 	C:\Windows\SYSTEM32\DBGHELP.DLL
0x00007ffa39660000 - 0x00007ffa39694000 	C:\Windows\SYSTEM32\dbgcore.DLL
0x00007ffa417c0000 - 0x00007ffa41842000 	C:\Windows\System32\bcryptPrimitives.dll
0x00007ffa30900000 - 0x00007ffa30925000 	D:\IntelliJ IDEA 2023.2.3\jbr\bin\java.dll
0x00007ffa38e80000 - 0x00007ffa38e98000 	D:\IntelliJ IDEA 2023.2.3\jbr\bin\zip.dll
0x00007ffa43440000 - 0x00007ffa43bad000 	C:\Windows\System32\SHELL32.dll
0x00007ffa3f2f0000 - 0x00007ffa3fa94000 	C:\Windows\SYSTEM32\windows.storage.dll
0x00007ffa42c70000 - 0x00007ffa42fc3000 	C:\Windows\System32\combase.dll
0x00007ffa40cc0000 - 0x00007ffa40cee000 	C:\Windows\SYSTEM32\Wldp.dll
0x00007ffa41e70000 - 0x00007ffa41f3d000 	C:\Windows\System32\OLEAUT32.dll
0x00007ffa43030000 - 0x00007ffa430dd000 	C:\Windows\System32\SHCORE.dll
0x00007ffa42fd0000 - 0x00007ffa43025000 	C:\Windows\System32\shlwapi.dll
0x00007ffa411c0000 - 0x00007ffa411e4000 	C:\Windows\SYSTEM32\profapi.dll
0x00007ffa30b20000 - 0x00007ffa30b39000 	D:\IntelliJ IDEA 2023.2.3\jbr\bin\net.dll
0x00007ffa3bed0000 - 0x00007ffa3bfdd000 	C:\Windows\SYSTEM32\WINHTTP.dll
0x00007ffa40a20000 - 0x00007ffa40a8a000 	C:\Windows\system32\mswsock.dll
0x00007ffa30860000 - 0x00007ffa30876000 	D:\IntelliJ IDEA 2023.2.3\jbr\bin\nio.dll
0x00007ffa406b0000 - 0x00007ffa406eb000 	C:\Windows\SYSTEM32\IPHLPAPI.DLL
0x00007ffa42710000 - 0x00007ffa42718000 	C:\Windows\System32\NSI.dll
0x00007ffa3b900000 - 0x00007ffa3b917000 	C:\Windows\SYSTEM32\dhcpcsvc6.DLL
0x00007ffa3b8e0000 - 0x00007ffa3b8fd000 	C:\Windows\SYSTEM32\dhcpcsvc.DLL
0x00007ffa406f0000 - 0x00007ffa407ba000 	C:\Windows\SYSTEM32\DNSAPI.dll
0x00007ffa40c10000 - 0x00007ffa40c28000 	C:\Windows\SYSTEM32\CRYPTSP.dll
0x00007ffa402d0000 - 0x00007ffa40304000 	C:\Windows\system32\rsaenh.dll
0x00007ffa41180000 - 0x00007ffa411ae000 	C:\Windows\SYSTEM32\USERENV.dll
0x00007ffa40c30000 - 0x00007ffa40c3c000 	C:\Windows\SYSTEM32\CRYPTBASE.dll
0x00007ffa2bec0000 - 0x00007ffa2bec7000 	D:\IntelliJ IDEA 2023.2.3\jbr\bin\rmi.dll
0x00007ffa3b030000 - 0x00007ffa3b03a000 	C:\Windows\System32\rasadhlp.dll
0x00007ffa3a880000 - 0x00007ffa3a900000 	C:\Windows\System32\fwpuclnt.dll
0x00007ffa30d10000 - 0x00007ffa30d19000 	D:\IntelliJ IDEA 2023.2.3\jbr\bin\management.dll
0x00007ffa30c80000 - 0x00007ffa30c8b000 	D:\IntelliJ IDEA 2023.2.3\jbr\bin\management_ext.dll
0x00007ffa42670000 - 0x00007ffa42678000 	C:\Windows\System32\PSAPI.DLL
0x00007ffa392d0000 - 0x00007ffa392de000 	D:\IntelliJ IDEA 2023.2.3\jbr\bin\sunmscapi.dll
0x00007ffa41290000 - 0x00007ffa413ec000 	C:\Windows\System32\CRYPT32.dll
0x00007ffa40d30000 - 0x00007ffa40d57000 	C:\Windows\SYSTEM32\ncrypt.dll
0x00007ffa40cf0000 - 0x00007ffa40d2b000 	C:\Windows\SYSTEM32\NTASN1.dll

dbghelp: loaded successfully - version: 4.0.5 - missing functions: none
symbol engine: initialized successfully - sym options: 0x614 - pdb path: .;D:\IntelliJ IDEA 2023.2.3\jbr\bin;C:\Windows\SYSTEM32;C:\Windows\WinSxS\amd64_microsoft.windows.common-controls_6595b64144ccf1df_6.0.19041.4355_none_60b8b9eb71f62e16;C:\Program Files (x86)\360\Total Security\safemon;D:\IntelliJ IDEA 2023.2.3\jbr\bin\server

VM Arguments:
jvm_args: -Djava.rmi.server.hostname=127.0.0.1 -Duser.timezone=UTC -Xmx2048m -Xms128m -Djna.boot.library.path=D:\IntelliJ IDEA 2023.2.3/lib/jna/amd64 -Djna.nosys=true -Djna.noclasspath=true -Djdbc.classpath=D:\IntelliJ IDEA 2023.2.3\plugins\DatabaseTools\lib\jdbc-console.jar;C:\Users\User\AppData\Roaming\JetBrains\IntelliJIdea2023.2\jdbc-drivers\PostgreSQL\42.7.3\org\postgresql\postgresql\42.7.3\postgresql-42.7.3.jar;C:\Users\User\AppData\Roaming\JetBrains\IntelliJIdea2023.2\jdbc-drivers\PostgreSQL\42.7.3\org\checkerframework\checker-qual\3.42.0\checker-qual-3.42.0.jar;C:\Users\User\AppData\Roaming\JetBrains\IntelliJIdea2023.2\jdbc-drivers\PostgreSQL\42.7.3\com\github\waffle\waffle-jna\1.9.1\waffle-jna-1.9.1.jar;C:\Users\User\AppData\Roaming\JetBrains\IntelliJIdea2023.2\jdbc-drivers\PostgreSQL\42.7.3\net\java\dev\jna\jna\4.5.1\jna-4.5.1.jar;C:\Users\User\AppData\Roaming\JetBrains\IntelliJIdea2023.2\jdbc-drivers\PostgreSQL\42.7.3\net\java\dev\jna\jna-platform\4.5.1\jna-platform-4.5.1.jar;C:\Users\User\AppData\Roaming\JetBrains\IntelliJIdea2023.2\jdbc-drivers\PostgreSQL\42.7.3\org\slf4j\jcl-over-slf4j\1.7.25\jcl-over-slf4j-1.7.25.jar;C:\Users\User\AppData\Roaming\JetBrains\IntelliJIdea2023.2\jdbc-drivers\PostgreSQL\42.7.3\org\slf4j\slf4j-api\1.7.25\slf4j-api-1.7.25.jar;C:\Users\User\AppData\Roaming\JetBrains\IntelliJIdea2023.2\jdbc-drivers\PostgreSQL\42.7.3\com\github\ben-manes\caffeine\caffeine\2.6.2\caffeine-2.6.2.jar --add-exports=java.desktop/sun.awt=ALL-UNNAMED --add-exports=java.desktop/java.awt.peer=ALL-UNNAMED --add-opens=java.desktop/java.awt=ALL-UNNAMED --add-opens=jdk.unsupported/sun.misc=ALL-UNNAMED --add-opens=java.base/java.nio=ALL-UNNAMED --add-opens=java.base/java.util=ALL-UNNAMED -Dfile.encoding=UTF-8 
java_command: com.intellij.database.remote.RemoteJdbcServer org.postgresql.Driver
java_class_path (initial): D:\IntelliJ IDEA 2023.2.3\lib\util_rt.jar;D:\IntelliJ IDEA 2023.2.3\lib\util-8.jar;D:\IntelliJ IDEA 2023.2.3\lib\groovy.jar;D:\IntelliJ IDEA 2023.2.3\plugins\DatabaseTools\lib\jdbc-console.jar;D:\IntelliJ IDEA 2023.2.3\plugins\grid-core-impl\lib\jdbc-console-types.jar;D:\IntelliJ IDEA 2023.2.3\lib\util.jar;D:\IntelliJ IDEA 2023.2.3\lib\bouncy-castle.jar
Launcher Type: SUN_STANDARD

[Global flags]
     intx CICompilerCount                          = 4                                         {product} {ergonomic}
     uint ConcGCThreads                            = 2                                         {product} {ergonomic}
     uint G1ConcRefinementThreads                  = 8                                         {product} {ergonomic}
   size_t G1HeapRegionSize                         = 1048576                                   {product} {ergonomic}
    uintx GCDrainStackTargetSize                   = 64                                        {product} {ergonomic}
   size_t InitialHeapSize                          = 134217728                                 {product} {command line}
   size_t MarkStackSize                            = 4194304                                   {product} {ergonomic}
   size_t MaxHeapSize                              = 2147483648                                {product} {command line}
   size_t MaxNewSize                               = 1287651328                                {product} {ergonomic}
   size_t MinHeapDeltaBytes                        = 1048576                                   {product} {ergonomic}
   size_t MinHeapSize                              = 134217728                                 {product} {command line}
    uintx NonNMethodCodeHeapSize                   = 5839372                                {pd product} {ergonomic}
    uintx NonProfiledCodeHeapSize                  = 122909434                              {pd product} {ergonomic}
    uintx ProfiledCodeHeapSize                     = 122909434                              {pd product} {ergonomic}
    uintx ReservedCodeCacheSize                    = 251658240                              {pd product} {ergonomic}
     bool SegmentedCodeCache                       = true                                      {product} {ergonomic}
   size_t SoftMaxHeapSize                          = 2147483648                             {manageable} {ergonomic}
     bool UseCompressedClassPointers               = true                           {product lp64_product} {ergonomic}
     bool UseCompressedOops                        = true                           {product lp64_product} {ergonomic}
     bool UseG1GC                                  = true                                      {product} {ergonomic}
     bool UseLargePagesIndividualAllocation        = false                                  {pd product} {ergonomic}

Logging:
Log output configuration:
 #0: stdout all=warning uptime,level,tags
 #1: stderr all=off uptime,level,tags

Environment Variables:
PATH=C:\Program Files (x86)\VMware\VMware Player\bin\;C:\Program Files (x86)\Common Files\Oracle\Java\javapath;C:\Windows\system32;C:\Windows;C:\Windows\System32\Wbem;C:\Windows\System32\WindowsPowerShell\v1.0\;C:\Windows\System32\OpenSSH\;D:\Git\cmd;C:\ProgramData\chocolatey\bin;C:\Users\User\AppData\Local\Microsoft\WindowsApps;D:\CLion 2023.2.2\bin;;D:\IntelliJ IDEA 2023.2.3\bin;;C:\Softwares\Gradle\gradle-8.7-bin\gradle-8.7\bin;C:\Users\User\AppData\Local\Programs\Microsoft VS Code\bin;C:\Users\User\AppData\Local\GitHubDesktop\bin;C:\Users\User\AppData\Local\Programs\Azure Data Studio\bin
USERNAME=User
OS=Windows_NT
PROCESSOR_IDENTIFIER=Intel64 Family 6 Model 140 Stepping 1, GenuineIntel
TMP=C:\Users\User\AppData\Local\Temp
TEMP=C:\Users\User\AppData\Local\Temp


JNI global refs:
JNI global refs: 17, weak refs: 0

JNI global refs memory usage: 843, weak refs: 841

OOME stack traces (most recent first):
Classloader memory used:
Loader bootstrap                                                                       : 1981K
Loader jdk.internal.loader.ClassLoaders$AppClassLoader                                 : 258K
Loader com.intellij.database.remote.jdbc.impl.JdbcClassLoader$JdbcClassLoaderImpl      : 230K
Loader jdk.internal.loader.ClassLoaders$PlatformClassLoader                            : 45250B
Loader jdk.internal.reflect.DelegatingClassLoader                                      : 32777B


---------------  S Y S T E M  ---------------

OS:
 Windows 10 , 64 bit Build 19041 (10.0.19041.5072)
OS uptime: 19 days 20:51 hours

CPU: total 8 (initial active 8) (4 cores per cpu, 2 threads per core) family 6 model 140 stepping 1 microcode 0x8a, cx8, cmov, fxsr, ht, mmx, 3dnowpref, sse, sse2, sse3, ssse3, sse4.1, sse4.2, popcnt, lzcnt, tsc, tscinvbit, avx, avx2, aes, erms, clmul, bmi1, bmi2, adx, avx512f, avx512dq, avx512cd, avx512bw, avx512vl, sha, fma, vzeroupper, avx512_vpopcntdq, avx512_vpclmulqdq, avx512_vaes, avx512_vnni, clflush, clflushopt, clwb, avx512_vbmi2, avx512_vbmi
Processor Information for all 8 processors :
  Max Mhz: 2419, Current Mhz: 2419, Mhz Limit: 2419

Memory: 4k page, system-wide physical 7995M (379M free)
TotalPageFile size 31468M (AvailPageFile size 17M)
current process WorkingSet (physical memory assigned to process): 39M, peak: 124M
current process commit charge ("private bytes"): 238M, peak: 303M

vm_info: OpenJDK 64-Bit Server VM (17.0.8.1+7-b1000.32) for windows-amd64 JRE (17.0.8.1+7-b1000.32), built on 2023-09-15 by "builduser" with MS VC++ 16.10 / 16.11 (VS2019)

END.
